WORKDIR=/public/home/pan2174/ls
Loaded devtoolset module: compiler/devtoolset/7.3.1
Loaded DTK module: compiler/dtk/24.04.3
Loaded MPI module: mpi/hpcx/2.7.4/gcc-7.3.1
PYTHON=/public/home/pan2174/miniconda3/envs/mcc-gpu/bin/python
SLURM_GPUS=unset MCC_NUM_GPU=4 dtype=float16
shell_setup: 4s
[cache] unique dates: 3060 (avoid 30360 repeated per-DOY reads)
[pipeline] io_read || setup in parallel
[setup] cuda probe(skip torch) -> slurm_visible=4
  reading 3060 files grain=year backend=process workers=16 ...
  year-grain: 30 years, 16 workers
  ... 102/3060 files (10.8s)
  ... 204/3060 files (10.9s)
  ... 306/3060 files (11.0s)
  ... 408/3060 files (11.2s)
  ... 510/3060 files (11.2s)
  ... 612/3060 files (11.4s)
  ... 714/3060 files (11.4s)
  ... 816/3060 files (11.5s)
  ... 918/3060 files (11.6s)
  ... 1020/3060 files (11.6s)
  ... 1122/3060 files (11.7s)
  ... 1224/3060 files (11.8s)
  ... 1326/3060 files (11.9s)
  ... 1428/3060 files (11.9s)
  ... 1530/3060 files (12.0s)
  ... 1632/3060 files (12.1s)
  ... 1734/3060 files (14.4s)
  ... 1836/3060 files (14.6s)
  ... 1938/3060 files (14.6s)
  ... 2040/3060 files (15.5s)
  ... 2142/3060 files (15.5s)
  ... 2244/3060 files (16.3s)
  ... 2346/3060 files (17.4s)
  ... 2448/3060 files (17.5s)
  ... 2550/3060 files (17.7s)
  ... 2652/3060 files (17.8s)
  ... 2754/3060 files (18.3s)
  ... 2856/3060 files (18.3s)
  ... 2958/3060 files (18.4s)
  ... 3060/3060 files (19.1s)
  read done 19.1s (0.006s/file)
[cache] shape=(3060, 721, 1440) read=19.1s
nc_path=/public/home/achwjznh4b/Newdata/
save_path=/public/home/pan2174/ERA5/Climatology/
device=multi compute_dtype=float16 num_gpu=4 cuda_count=4 io=16(process) grain=year
DOY 152..243
[multi-gpu] 4 workers, DOY chunks: [23, 23, 23, 23] (fork+cuda:0..3)
[gpu0] cuda:0 (Z200SM_71) init 10.9s
[gpu2] cuda:2 (Z200SM_71) init 10.9s
[gpu1] cuda:1 (Z200SM_71) init 10.9s
[gpu3] cuda:3 (Z200SM_71) init 10.9s
