WORKDIR=/public/home/pan2174/ls
Loaded devtoolset module: compiler/devtoolset/7.3.1
Loaded DTK module: compiler/dtk/24.04.3
Loaded MPI module: mpi/hpcx/2.7.4/gcc-7.3.1
PYTHON=/public/home/pan2174/miniconda3/envs/mcc-gpu/bin/python
SLURM_GPUS=unset MCC_NUM_GPU=4 dtype=float16
shell_setup: 4s
[cache] unique dates: 3060 (avoid 30360 repeated per-DOY reads)
[pipeline] io_read || setup in parallel
[setup] cuda probe(skip torch) -> slurm_visible=4
  reading 3060 files grain=year backend=process workers=16 ...
  year-grain: 30 years, 16 workers
  ... 102/3060 files (11.4s)
  ... 204/3060 files (11.6s)
  ... 306/3060 files (11.7s)
  ... 408/3060 files (11.7s)
  ... 510/3060 files (11.8s)
  ... 612/3060 files (12.0s)
  ... 714/3060 files (12.1s)
  ... 816/3060 files (12.2s)
  ... 918/3060 files (12.3s)
  ... 1020/3060 files (12.4s)
  ... 1122/3060 files (12.5s)
  ... 1224/3060 files (12.6s)
  ... 1326/3060 files (12.7s)
  ... 1428/3060 files (12.8s)
  ... 1530/3060 files (12.8s)
  ... 1632/3060 files (12.9s)
  ... 1734/3060 files (18.9s)
  ... 1836/3060 files (19.1s)
  ... 1938/3060 files (20.2s)
  ... 2040/3060 files (20.8s)
  ... 2142/3060 files (21.2s)
  ... 2244/3060 files (21.6s)
  ... 2346/3060 files (21.9s)
  ... 2448/3060 files (22.0s)
  ... 2550/3060 files (22.1s)
  ... 2652/3060 files (22.1s)
  ... 2754/3060 files (22.4s)
  ... 2856/3060 files (22.5s)
  ... 2958/3060 files (22.6s)
  ... 3060/3060 files (22.6s)
  read done 22.6s (0.007s/file)
[cache] shape=(3060, 721, 1440) read=22.6s
nc_path=/public/home/achwjznh4b/Newdata/
save_path=/public/home/pan2174/ERA5/Climatology/
device=multi compute_dtype=float16 num_gpu=4 cuda_count=4 io=16(process) grain=year
DOY 152..243
[multi-gpu] 4 workers, DOY chunks: [23, 23, 23, 23] (fork+cuda:0..3)
[gpu2] cuda:2 (Z200SM_71) init 15.1s
[gpu3] cuda:3 (Z200SM_71) init 15.1s
[gpu1] cuda:1 (Z200SM_71) init 15.1s
[gpu0] cuda:0 (Z200SM_71) init 15.1s
[gpu2] done 23 DOYs gather=2.5s compute=38.8s write=0.5s
[gpu0] done 23 DOYs gather=2.7s compute=38.8s write=0.4s
[gpu1] done 23 DOYs gather=3.1s compute=39.3s write=0.5s
[gpu3] done 23 DOYs gather=3.2s compute=39.2s write=0.7s
[multi-gpu] gpu0 23 DOYs init=15.1s gather=2.7s compute=38.8s write=0.4s
[multi-gpu] gpu1 23 DOYs init=15.1s gather=3.1s compute=39.3s write=0.5s
[multi-gpu] gpu2 23 DOYs init=15.1s gather=2.5s compute=38.8s write=0.5s
[multi-gpu] gpu3 23 DOYs init=15.1s gather=3.2s compute=39.2s write=0.7s
[multi-gpu] wall 94.8s (parallel max~39.3s compute per gpu)

========== TIMING SUMMARY ==========
  setup:         15.1s   12.6% (n=2)  [7.57s avg]
  io_plan:        1.3s    1.0%
  io_read:       23.5s   19.7%
  io_gather:      3.2s    2.6% (n=92)  [0.03s avg]
  compute:       94.8s   79.2% (n=92)  [1.03s avg]
  write:          0.7s    0.6% (n=92)  [0.01s avg]
  mp_spawn:       0.0s    0.0%
  overlap:       18.9s  (setup/io/write overlapped, not additive)
  TOTAL:        119.7s    2.0min
====================================

real	2m7.082s
user	3m26.670s
sys	0m47.632s
python_wall: 127s
task_total_wall: 131s
=== finished ===
