WORKDIR=/public/home/pan2174/ls
Loaded devtoolset module: compiler/devtoolset/7.3.1
Loaded DTK module: compiler/dtk/24.04.3
Loaded MPI module: mpi/hpcx/2.7.4/gcc-7.3.1
PYTHON=/public/home/pan2174/miniconda3/envs/mcc-gpu/bin/python
SLURM_GPUS=unset MCC_NUM_GPU=4 dtype=float16
shell_setup: 3s
[cache] unique dates: 3060 (avoid 30360 repeated per-DOY reads)
[pipeline] io_read || setup in parallel
  reading 3060 files grain=year backend=process workers=16 ...
  year-grain: 30 years, 16 workers
  ... 102/3060 files (10.3s)
  ... 204/3060 files (10.4s)
  ... 306/3060 files (10.5s)
  ... 408/3060 files (10.8s)
  ... 510/3060 files (11.9s)
  ... 612/3060 files (12.0s)
  ... 714/3060 files (12.1s)
  ... 816/3060 files (13.6s)
  ... 918/3060 files (14.1s)
  ... 1020/3060 files (14.2s)
  ... 1122/3060 files (14.4s)
  ... 1224/3060 files (14.6s)
  ... 1326/3060 files (14.7s)
  ... 1428/3060 files (14.8s)
  ... 1530/3060 files (14.9s)
  ... 1632/3060 files (15.1s)
  ... 1734/3060 files (19.7s)
  ... 1836/3060 files (19.8s)
  ... 1938/3060 files (19.9s)
  ... 2040/3060 files (20.1s)
  ... 2142/3060 files (22.5s)
  ... 2244/3060 files (22.6s)
  ... 2346/3060 files (22.7s)
  ... 2448/3060 files (22.8s)
  ... 2550/3060 files (22.9s)
  ... 2652/3060 files (22.9s)
  ... 2754/3060 files (23.6s)
  ... 2856/3060 files (23.6s)
  ... 2958/3060 files (23.7s)
  ... 3060/3060 files (23.8s)
  read done 23.8s (0.008s/file)
[setup] parent pre-imported torch 40.8s (parallel to io_read)
[setup] cuda probe(skip torch) -> slurm_visible=4
[cache] shape=(3060, 721, 1440) read=23.8s
nc_path=/public/home/achwjznh4b/Newdata/
save_path=/public/home/pan2174/ERA5/Climatology/
device=multi compute_dtype=float16 num_gpu=4 cuda_count=4 io=16(process) grain=year
DOY 152..243
[multi-gpu] 4 workers, DOY chunks: [23, 23, 23, 23] (fork+cuda:0..3)
[gpu3] cuda:3 (Z200SM_71) init 20.9s
[gpu1] cuda:1 (Z200SM_71) init 20.9s
[gpu2] cuda:2 (Z200SM_71) init 20.9s
[gpu0] cuda:0 (Z200SM_71) init 20.9s
[gpu1] done 23 DOYs gather=3.3s compute=39.2s write=0.5s
[gpu3] done 23 DOYs gather=3.5s compute=39.3s write=0.6s
[gpu0] done 23 DOYs gather=3.7s compute=39.3s write=0.6s
[gpu2] done 23 DOYs gather=3.8s compute=39.3s write=0.7s
[multi-gpu] gpu0 23 DOYs init=20.9s gather=3.7s compute=39.3s write=0.6s
[multi-gpu] gpu1 23 DOYs init=20.9s gather=3.3s compute=39.2s write=0.5s
[multi-gpu] gpu2 23 DOYs init=20.9s gather=3.8s compute=39.3s write=0.7s
[multi-gpu] gpu3 23 DOYs init=20.9s gather=3.5s compute=39.3s write=0.6s
[multi-gpu] wall 65.2s (parallel max~39.3s compute per gpu)

========== TIMING SUMMARY ==========
  setup:         61.8s   57.6% (n=2)  [30.91s avg]
  io_plan:        1.2s    1.1%
  io_read:       30.7s   28.5%
  io_gather:      3.8s    3.5% (n=92)  [0.04s avg]
  compute:       65.2s   60.7% (n=92)  [0.71s avg]
  write:          0.7s    0.6% (n=92)  [0.01s avg]
  mp_spawn:       0.0s    0.0%
  overlap:       56.0s  (setup/io/write overlapped, not additive)
  TOTAL:        107.4s    1.8min
====================================

real	2m1.378s
user	3m29.251s
sys	0m46.619s
python_wall: 122s
task_total_wall: 125s
=== finished ===
