WORKDIR=/public/home/pan2174/ls
Loaded devtoolset module: compiler/devtoolset/7.3.1
Loaded DTK module: compiler/dtk/24.04.3
Loaded MPI module: mpi/hpcx/2.7.4/gcc-7.3.1
PYTHON=/public/home/pan2174/miniconda3/envs/mcc-gpu/bin/python
SLURM_GPUS=unset MCC_NUM_GPU=4 dtype=float16
shell_setup: 3s
[cache] unique dates: 3060 (avoid 30360 repeated per-DOY reads)
[pipeline] io_read || setup in parallel
  reading 3060 files grain=year backend=process workers=16 ...
  year-grain: 30 years, 16 workers
  ... 102/3060 files (11.3s)
  ... 204/3060 files (11.5s)
  ... 306/3060 files (11.8s)
  ... 408/3060 files (12.1s)
  ... 510/3060 files (12.1s)
  ... 612/3060 files (12.2s)
  ... 714/3060 files (12.3s)
  ... 816/3060 files (12.4s)
  ... 918/3060 files (12.5s)
  ... 1020/3060 files (12.7s)
  ... 1122/3060 files (12.7s)
  ... 1224/3060 files (12.9s)
  ... 1326/3060 files (13.0s)
  ... 1428/3060 files (13.2s)
  ... 1530/3060 files (13.7s)
  ... 1632/3060 files (13.9s)
  ... 1734/3060 files (16.3s)
  ... 1836/3060 files (16.9s)
  ... 1938/3060 files (17.0s)
  ... 2040/3060 files (17.3s)
  ... 2142/3060 files (17.4s)
  ... 2244/3060 files (17.9s)
  ... 2346/3060 files (18.0s)
  ... 2448/3060 files (18.1s)
  ... 2550/3060 files (18.3s)
  ... 2652/3060 files (18.5s)
  ... 2754/3060 files (18.7s)
  ... 2856/3060 files (18.9s)
  ... 2958/3060 files (19.0s)
  ... 3060/3060 files (19.9s)
  read done 19.9s (0.006s/file)
[setup] parent pre-imported torch 35.0s (parallel to io_read)
[setup] cuda probe(skip torch) -> slurm_visible=4
[cache] shape=(3060, 721, 1440) read=19.9s
nc_path=/public/home/achwjznh4b/Newdata/
save_path=/public/home/pan2174/ERA5/Climatology/
device=multi compute_dtype=float16 num_gpu=4 cuda_count=4 io=16(process) grain=year
DOY 152..243
[multi-gpu] 4 workers, DOY chunks: [23, 23, 23, 23] (fork+cuda:0..3)
[gpu2] cuda:2 (Z200SM_71) init 17.7s
[gpu0] cuda:0 (Z200SM_71) init 17.7s
[gpu1] cuda:1 (Z200SM_71) init 17.7s
[gpu3] cuda:3 (Z200SM_71) init 17.7s
Could not open /var/log/hylog/.
Could not open /var/log/hylog/.
Could not open /var/log/hylog/.
Could not open /var/log/hylog/.
[gpu1] done 23 DOYs gather=3.6s compute=15.9s write=0.6s
[gpu3] done 23 DOYs gather=3.5s compute=15.9s write=0.6s
[gpu2] done 23 DOYs gather=3.5s compute=16.0s write=0.7s
[gpu0] done 23 DOYs gather=3.5s compute=16.0s write=0.7s
[multi-gpu] gpu0 23 DOYs init=17.7s gather=3.5s compute=16.0s write=0.7s
[multi-gpu] gpu1 23 DOYs init=17.7s gather=3.6s compute=15.9s write=0.6s
[multi-gpu] gpu2 23 DOYs init=17.7s gather=3.5s compute=16.0s write=0.7s
[multi-gpu] gpu3 23 DOYs init=17.7s gather=3.5s compute=15.9s write=0.6s
[multi-gpu] wall 38.3s (parallel max~16.0s compute per gpu)

========== TIMING SUMMARY ==========
  setup:         52.8s   70.7% (n=2)  [26.40s avg]
  io_plan:        1.2s    1.6%
  io_read:       26.8s   35.8%
  io_gather:      3.6s    4.8% (n=92)  [0.04s avg]
  compute:       38.3s   51.2% (n=92)  [0.42s avg]
  write:          0.7s    0.9% (n=92)  [0.01s avg]
  mp_spawn:       0.0s    0.0%
  overlap:       48.6s  (setup/io/write overlapped, not additive)
  TOTAL:         74.7s    1.2min
====================================

real	1m29.139s
user	1m52.545s
sys	0m45.471s
python_wall: 89s
task_total_wall: 92s
=== finished ===
