WORKDIR=/public/home/pan2174/ls
Loaded devtoolset module: compiler/devtoolset/7.3.1
Loaded DTK module: compiler/dtk/24.04.3
Loaded MPI module: mpi/hpcx/2.7.4/gcc-7.3.1
PYTHON=/public/home/pan2174/miniconda3/envs/mcc-gpu/bin/python
SLURM_GPUS=unset MCC_NUM_GPU=4 dtype=float16
shell_setup: 2s
[cache] unique dates: 3060 (avoid 30360 repeated per-DOY reads)
[pipeline] io_read || setup in parallel
  reading 3060 files grain=year backend=process workers=16 ...
  year-grain: 30 years, 16 workers
  ... 102/3060 files (6.6s)
  ... 204/3060 files (7.1s)
  ... 306/3060 files (7.3s)
  ... 408/3060 files (7.4s)
  ... 510/3060 files (7.5s)
  ... 612/3060 files (7.5s)
  ... 714/3060 files (9.3s)
  ... 816/3060 files (9.8s)
  ... 918/3060 files (9.9s)
  ... 1020/3060 files (10.4s)
  ... 1122/3060 files (10.6s)
  ... 1224/3060 files (10.8s)
  ... 1326/3060 files (11.1s)
  ... 1428/3060 files (11.3s)
  ... 1530/3060 files (11.5s)
  ... 1632/3060 files (11.6s)
  ... 1734/3060 files (11.7s)
  ... 1836/3060 files (11.8s)
  ... 1938/3060 files (11.9s)
  ... 2040/3060 files (12.1s)
  ... 2142/3060 files (12.1s)
  ... 2244/3060 files (13.9s)
  ... 2346/3060 files (14.5s)
  ... 2448/3060 files (15.0s)
  ... 2550/3060 files (15.1s)
  ... 2652/3060 files (15.4s)
  ... 2754/3060 files (15.6s)
  ... 2856/3060 files (15.6s)
  ... 2958/3060 files (15.8s)
  ... 3060/3060 files (16.0s)
  read done 16.0s (0.005s/file)
[setup] parent pre-imported torch 46.1s (parallel to io_read)
[setup] cuda probe(skip torch) -> slurm_visible=4
[cache] shape=(3060, 721, 1440) read=16.0s
nc_path=/public/home/achwjznh4b/Newdata/
save_path=/public/home/pan2174/ERA5/Climatology/
device=multi compute_dtype=float16 num_gpu=4 cuda_count=4 io=16(process) grain=year
DOY 152..243
[multi-gpu] 4 workers, DOY chunks: [23, 23, 23, 23] (fork+cuda:0..3)
[gpu2] cuda:2 (Z200SM_71) init 16.9s
[gpu3] cuda:3 (Z200SM_71) init 16.9s
[gpu0] cuda:0 (Z200SM_71) init 16.9s
[gpu1] cuda:1 (Z200SM_71) init 16.9s
Could not open /var/log/hylog/.
Could not open /var/log/hylog/.
Could not open /var/log/hylog/.
Could not open /var/log/hylog/.
[gpu3] done 23 DOYs gather=3.6s compute=14.4s write=1.1s
[gpu1] done 23 DOYs gather=3.4s compute=14.7s write=1.1s
[gpu2] done 23 DOYs gather=3.8s compute=14.3s write=1.3s
[gpu0] done 23 DOYs gather=3.9s compute=14.3s write=1.2s
[multi-gpu] gpu0 23 DOYs init=16.9s gather=3.9s compute=14.3s write=1.2s
[multi-gpu] gpu1 23 DOYs init=16.9s gather=3.4s compute=14.7s write=1.1s
[multi-gpu] gpu2 23 DOYs init=16.9s gather=3.8s compute=14.3s write=1.3s
[multi-gpu] gpu3 23 DOYs init=16.9s gather=3.6s compute=14.4s write=1.1s
[multi-gpu] wall 36.9s (parallel max~14.7s compute per gpu)

========== TIMING SUMMARY ==========
  setup:         63.1s   74.8% (n=2)  [31.55s avg]
  io_plan:        1.2s    1.4%
  io_read:       25.5s   30.3%
  io_gather:      3.9s    4.6% (n=92)  [0.04s avg]
  compute:       36.9s   43.7% (n=92)  [0.40s avg]
  write:          1.3s    1.5% (n=92)  [0.01s avg]
  mp_spawn:       0.0s    0.0%
  overlap:       47.5s  (setup/io/write overlapped, not additive)
  TOTAL:         84.3s    1.4min
====================================

real	1m41.259s
user	1m49.452s
sys	0m48.699s
python_wall: 101s
task_total_wall: 103s
=== finished ===
