WORKDIR=/public/home/pan2174/ls
Loaded devtoolset module: compiler/devtoolset/7.3.1
Loaded DTK module: compiler/dtk/24.04.3
Loaded MPI module: mpi/hpcx/2.7.4/gcc-7.3.1
PYTHON=/public/home/pan2174/miniconda3/envs/mcc-gpu/bin/python
SLURM_GPUS=unset MCC_NUM_GPU=4 dtype=float16
shell_setup: 4s
[cache] unique dates: 3060 (avoid 30360 repeated per-DOY reads)
[pipeline] io_read || setup in parallel
[setup] cuda probe(skip torch) -> slurm_visible=4
  reading 3060 files grain=year backend=process workers=16 ...
  year-grain: 30 years, 16 workers
  ... 102/3060 files (14.0s)
  ... 204/3060 files (14.1s)
  ... 306/3060 files (14.2s)
  ... 408/3060 files (14.3s)
  ... 510/3060 files (14.4s)
  ... 612/3060 files (14.5s)
  ... 714/3060 files (14.5s)
  ... 816/3060 files (14.6s)
  ... 918/3060 files (14.7s)
  ... 1020/3060 files (14.7s)
  ... 1122/3060 files (14.8s)
  ... 1224/3060 files (14.9s)
  ... 1326/3060 files (14.9s)
  ... 1428/3060 files (15.0s)
  ... 1530/3060 files (15.0s)
  ... 1632/3060 files (15.1s)
  ... 1734/3060 files (20.5s)
  ... 1836/3060 files (21.2s)
  ... 1938/3060 files (21.2s)
  ... 2040/3060 files (22.9s)
  ... 2142/3060 files (23.0s)
  ... 2244/3060 files (23.3s)
  ... 2346/3060 files (23.6s)
  ... 2448/3060 files (23.6s)
  ... 2550/3060 files (23.8s)
  ... 2652/3060 files (24.6s)
  ... 2754/3060 files (25.1s)
  ... 2856/3060 files (25.2s)
  ... 2958/3060 files (25.2s)
  ... 3060/3060 files (25.3s)
  read done 25.3s (0.008s/file)
[cache] shape=(3060, 721, 1440) read=25.3s
nc_path=/public/home/achwjznh4b/Newdata/
save_path=/public/home/pan2174/ERA5/Climatology/
device=multi compute_dtype=float16 num_gpu=4 cuda_count=4 io=16(process) grain=year
DOY 152..243
[multi-gpu] 4 workers, DOY chunks: [23, 23, 23, 23] (fork+cuda:0..3)
[gpu3] cuda:3 (Z200SM_71) init 15.9s
[gpu1] cuda:1 (Z200SM_71) init 15.9s
[gpu2] cuda:2 (Z200SM_71) init 15.9s
[gpu0] cuda:0 (Z200SM_71) init 15.9s
[gpu2] done 23 DOYs gather=2.5s compute=38.7s write=0.4s
[gpu1] done 23 DOYs gather=3.2s compute=38.9s write=0.5s
[gpu3] done 23 DOYs gather=3.0s compute=39.1s write=0.6s
[gpu0] done 23 DOYs gather=3.4s compute=38.9s write=0.5s
[multi-gpu] gpu0 23 DOYs init=15.9s gather=3.4s compute=38.9s write=0.5s
[multi-gpu] gpu1 23 DOYs init=15.9s gather=3.2s compute=38.9s write=0.5s
[multi-gpu] gpu2 23 DOYs init=15.9s gather=2.5s compute=38.7s write=0.4s
[multi-gpu] gpu3 23 DOYs init=15.9s gather=3.0s compute=39.1s write=0.6s
[multi-gpu] wall 91.6s (parallel max~39.1s compute per gpu)

========== TIMING SUMMARY ==========
  setup:         15.9s   13.4% (n=2)  [7.96s avg]
  io_plan:        1.2s    1.0%
  io_read:       26.2s   22.0%
  io_gather:      3.4s    2.9% (n=92)  [0.04s avg]
  compute:       91.6s   76.9% (n=92)  [1.00s avg]
  write:          0.6s    0.5% (n=92)  [0.01s avg]
  mp_spawn:       0.0s    0.0%
  overlap:       19.9s  (setup/io/write overlapped, not additive)
  TOTAL:        119.1s    2.0min
====================================

real	2m5.653s
user	3m27.685s
sys	0m46.411s
python_wall: 126s
task_total_wall: 130s
=== finished ===
