WORKDIR=/public/home/pan2174/ls
Loaded devtoolset module: compiler/devtoolset/7.3.1
Loaded DTK module: compiler/dtk/24.04.3
Loaded MPI module: mpi/hpcx/2.7.4/gcc-7.3.1
PYTHON=/public/home/pan2174/miniconda3/envs/mcc-gpu/bin/python
SLURM_GPUS=unset MCC_NUM_GPU=4 dtype=float16
shell_setup: 4s
[setup] parent pre-imported torch in 34.5s
[cache] unique dates: 3060 (avoid 30360 repeated per-DOY reads)
[pipeline] io_read || setup in parallel
[setup] cuda probe(skip torch) -> slurm_visible=4
  reading 3060 files grain=year backend=process workers=16 ...
  year-grain: 30 years, 16 workers
  ... 102/3060 files (14.7s)
  ... 204/3060 files (14.9s)
  ... 306/3060 files (15.0s)
  ... 408/3060 files (15.0s)
  ... 510/3060 files (15.1s)
  ... 612/3060 files (15.1s)
  ... 714/3060 files (15.2s)
  ... 816/3060 files (15.2s)
  ... 918/3060 files (15.3s)
  ... 1020/3060 files (15.3s)
  ... 1122/3060 files (15.4s)
  ... 1224/3060 files (15.4s)
  ... 1326/3060 files (15.5s)
  ... 1428/3060 files (15.5s)
  ... 1530/3060 files (15.7s)
  ... 1632/3060 files (15.7s)
  ... 1734/3060 files (22.7s)
  ... 1836/3060 files (22.7s)
  ... 1938/3060 files (23.2s)
  ... 2040/3060 files (23.8s)
  ... 2142/3060 files (24.1s)
  ... 2244/3060 files (24.5s)
  ... 2346/3060 files (25.7s)
  ... 2448/3060 files (25.8s)
  ... 2550/3060 files (26.0s)
  ... 2652/3060 files (26.7s)
  ... 2754/3060 files (26.8s)
  ... 2856/3060 files (26.8s)
  ... 2958/3060 files (26.9s)
  ... 3060/3060 files (26.9s)
  read done 26.9s (0.009s/file)
[cache] shape=(3060, 721, 1440) read=26.9s
nc_path=/public/home/achwjznh4b/Newdata/
save_path=/public/home/pan2174/ERA5/Climatology/
device=multi compute_dtype=float16 num_gpu=4 cuda_count=4 io=16(process) grain=year
DOY 152..243
[multi-gpu] 4 workers, DOY chunks: [23, 23, 23, 23] (fork+cuda:0..3)
[gpu2] cuda:2 (Z200SM_71) init 22.5s
[gpu0] cuda:0 (Z200SM_71) init 22.5s
[gpu3] cuda:3 (Z200SM_71) init 22.5s
[gpu1] cuda:1 (Z200SM_71) init 22.5s
[gpu3] done 23 DOYs gather=2.9s compute=38.9s write=0.3s
[gpu2] done 23 DOYs gather=3.0s compute=39.8s write=0.9s
[gpu1] done 23 DOYs gather=3.8s compute=39.5s write=0.6s
[gpu0] done 23 DOYs gather=4.0s compute=39.2s write=0.6s
[multi-gpu] gpu0 23 DOYs init=22.5s gather=4.0s compute=39.2s write=0.6s
[multi-gpu] gpu1 23 DOYs init=22.5s gather=3.8s compute=39.5s write=0.6s
[multi-gpu] gpu2 23 DOYs init=22.5s gather=3.0s compute=39.8s write=0.9s
[multi-gpu] gpu3 23 DOYs init=22.5s gather=2.9s compute=38.9s write=0.3s
[multi-gpu] wall 66.9s (parallel max~39.8s compute per gpu)

========== TIMING SUMMARY ==========
  setup:         22.6s   17.3% (n=2)  [11.28s avg]
  io_plan:        1.3s    1.0%
  io_read:       27.8s   21.3%
  io_gather:      4.0s    3.1% (n=92)  [0.04s avg]
  compute:       66.9s   51.2% (n=92)  [0.73s avg]
  write:          0.9s    0.7% (n=92)  [0.01s avg]
  mp_spawn:       0.0s    0.0%
  untracked:      7.1s    5.5%
  TOTAL:        130.6s    2.2min
====================================

real	2m26.719s
user	3m29.735s
sys	0m43.231s
python_wall: 146s
task_total_wall: 150s
=== finished ===
