WORKDIR=/public/home/pan2174/ls
Loaded devtoolset module: compiler/devtoolset/7.3.1
Loaded DTK module: compiler/dtk/24.04.3
Loaded MPI module: mpi/hpcx/2.7.4/gcc-7.3.1
PYTHON=/public/home/pan2174/miniconda3/envs/mcc-gpu/bin/python
SLURM_GPUS=unset MCC_NUM_GPU=4 dtype=float16
shell_setup: 4s
[cache] unique dates: 3060 (avoid 30360 repeated per-DOY reads)
[pipeline] io_read || setup in parallel
  reading 3060 files grain=year backend=process workers=16 ...
  year-grain: 30 years, 16 workers
  ... 102/3060 files (17.5s)
  ... 204/3060 files (17.8s)
  ... 306/3060 files (18.0s)
  ... 408/3060 files (18.1s)
  ... 510/3060 files (18.2s)
  ... 612/3060 files (18.3s)
  ... 714/3060 files (18.6s)
  ... 816/3060 files (18.7s)
  ... 918/3060 files (18.9s)
  ... 1020/3060 files (18.9s)
  ... 1122/3060 files (19.2s)
  ... 1224/3060 files (19.3s)
  ... 1326/3060 files (19.6s)
  ... 1428/3060 files (19.7s)
  ... 1530/3060 files (19.9s)
  ... 1632/3060 files (19.9s)
  ... 1734/3060 files (25.2s)
  ... 1836/3060 files (25.4s)
  ... 1938/3060 files (25.6s)
  ... 2040/3060 files (26.7s)
  ... 2142/3060 files (26.7s)
  ... 2244/3060 files (26.8s)
  ... 2346/3060 files (27.2s)
  ... 2448/3060 files (27.3s)
  ... 2550/3060 files (27.4s)
  ... 2652/3060 files (27.4s)
  ... 2754/3060 files (27.6s)
  ... 2856/3060 files (27.7s)
  ... 2958/3060 files (27.7s)
  ... 3060/3060 files (27.8s)
  read done 27.8s (0.009s/file)
[setup] parent pre-imported torch 35.9s (parallel to io_read)
[setup] cuda probe(skip torch) -> slurm_visible=4
[cache] shape=(3060, 721, 1440) read=27.8s
nc_path=/public/home/achwjznh4b/Newdata/
save_path=/public/home/pan2174/ERA5/Climatology/
device=multi compute_dtype=float16 num_gpu=4 cuda_count=4 io=16(process) grain=year
DOY 152..243
[multi-gpu] 4 workers, DOY chunks: [23, 23, 23, 23] (fork+cuda:0..3)
[gpu3] cuda:3 (Z200SM_71) init 20.7s
[gpu2] cuda:2 (Z200SM_71) init 20.7s
[gpu0] cuda:0 (Z200SM_71) init 20.7s
[gpu1] cuda:1 (Z200SM_71) init 20.7s
[gpu0] done 23 DOYs gather=2.9s compute=15.7s write=0.3s
[gpu2] done 23 DOYs gather=3.2s compute=15.7s write=0.6s
[gpu1] done 23 DOYs gather=3.3s compute=15.8s write=0.5s
[gpu3] done 23 DOYs gather=3.4s compute=15.8s write=0.6s
[multi-gpu] gpu0 23 DOYs init=20.7s gather=2.9s compute=15.7s write=0.3s
[multi-gpu] gpu1 23 DOYs init=20.7s gather=3.3s compute=15.8s write=0.5s
[multi-gpu] gpu2 23 DOYs init=20.7s gather=3.2s compute=15.7s write=0.6s
[multi-gpu] gpu3 23 DOYs init=20.7s gather=3.4s compute=15.8s write=0.6s
[multi-gpu] wall 41.1s (parallel max~15.8s compute per gpu)

========== TIMING SUMMARY ==========
  setup:         56.7s   72.3% (n=2)  [28.34s avg]
  io_plan:        1.2s    1.5%
  io_read:       28.7s   36.6%
  io_gather:      3.4s    4.3% (n=92)  [0.04s avg]
  compute:       41.1s   52.5% (n=92)  [0.45s avg]
  write:          0.6s    0.8% (n=92)  [0.01s avg]
  mp_spawn:       0.0s    0.0%
  overlap:       53.3s  (setup/io/write overlapped, not additive)
  TOTAL:         78.4s    1.3min
====================================

real	1m32.164s
user	1m50.256s
sys	0m43.816s
python_wall: 92s
task_total_wall: 96s
=== finished ===
