WORKDIR=/public/home/pan2174/ls
Loaded devtoolset module: compiler/devtoolset/7.3.1
Loaded DTK module: compiler/dtk/24.04.3
Loaded MPI module: mpi/hpcx/2.7.4/gcc-7.3.1
PYTHON=/public/home/pan2174/miniconda3/envs/mcc-gpu/bin/python
SLURM_GPUS=unset MCC_NUM_GPU=4 dtype=float16
shell_setup: 4s
[cache] unique dates: 3060 (avoid 30360 repeated per-DOY reads)
[pipeline] io_read || setup in parallel
  reading 3060 files grain=year backend=process workers=16 ...
  year-grain: 30 years, 16 workers
  ... 102/3060 files (17.8s)
  ... 204/3060 files (18.0s)
  ... 306/3060 files (18.1s)
  ... 408/3060 files (18.7s)
  ... 510/3060 files (19.2s)
  ... 612/3060 files (19.3s)
  ... 714/3060 files (19.5s)
  ... 816/3060 files (20.1s)
  ... 918/3060 files (20.2s)
  ... 1020/3060 files (20.5s)
  ... 1122/3060 files (20.6s)
  ... 1224/3060 files (20.7s)
  ... 1326/3060 files (20.7s)
  ... 1428/3060 files (20.8s)
  ... 1530/3060 files (20.9s)
  ... 1632/3060 files (21.1s)
  ... 1734/3060 files (21.2s)
  ... 1836/3060 files (21.3s)
  ... 1938/3060 files (21.4s)
  ... 2040/3060 files (21.7s)
  ... 2142/3060 files (22.6s)
  ... 2244/3060 files (23.7s)
  ... 2346/3060 files (23.8s)
  ... 2448/3060 files (23.9s)
  ... 2550/3060 files (24.0s)
  ... 2652/3060 files (24.1s)
  ... 2754/3060 files (24.1s)
  ... 2856/3060 files (24.2s)
  ... 2958/3060 files (24.2s)
  ... 3060/3060 files (25.0s)
  read done 25.0s (0.008s/file)
[setup] parent pre-imported torch 46.7s (parallel to io_read)
[setup] cuda probe(skip torch) -> slurm_visible=4
[cache] shape=(3060, 721, 1440) read=25.0s
nc_path=/public/home/achwjznh4b/Newdata/
save_path=/public/home/pan2174/ERA5/Climatology/
device=multi compute_dtype=float16 num_gpu=4 cuda_count=4 io=16(process) grain=year
DOY 152..243
[multi-gpu] 4 workers, DOY chunks: [23, 23, 23, 23] (fork+cuda:0..3)
[gpu0] cuda:0 (Z200SM_71) init 18.8s
[gpu1] cuda:1 (Z200SM_71) init 18.8s
[gpu3] cuda:3 (Z200SM_71) init 18.8s
[gpu2] cuda:2 (Z200SM_71) init 18.8s
[gpu0] done 23 DOYs gather=2.6s compute=14.0s write=0.5s
[gpu2] done 23 DOYs gather=3.0s compute=13.8s write=0.6s
[gpu1] done 23 DOYs gather=3.1s compute=14.0s write=0.5s
[gpu3] done 23 DOYs gather=3.1s compute=14.0s write=0.6s
[multi-gpu] gpu0 23 DOYs init=18.8s gather=2.6s compute=14.0s write=0.5s
[multi-gpu] gpu1 23 DOYs init=18.8s gather=3.1s compute=14.0s write=0.5s
[multi-gpu] gpu2 23 DOYs init=18.8s gather=3.0s compute=13.8s write=0.6s
[multi-gpu] gpu3 23 DOYs init=18.8s gather=3.1s compute=14.0s write=0.6s
[multi-gpu] wall 37.0s (parallel max~14.0s compute per gpu)

========== TIMING SUMMARY ==========
  setup:         65.5s   77.0% (n=2)  [32.73s avg]
  io_plan:        1.3s    1.5%
  io_read:       26.2s   30.8%
  io_gather:      3.1s    3.7% (n=92)  [0.03s avg]
  compute:       37.0s   43.5% (n=92)  [0.40s avg]
  write:          0.6s    0.7% (n=92)  [0.01s avg]
  mp_spawn:       0.0s    0.0%
  overlap:       48.6s  (setup/io/write overlapped, not additive)
  TOTAL:         85.0s    1.4min
====================================

real	1m42.142s
user	1m47.231s
sys	0m46.148s
python_wall: 103s
task_total_wall: 107s
=== finished ===
