WORKDIR=/public/home/pan2174/ls
Loaded devtoolset module: compiler/devtoolset/7.3.1
Loaded DTK module: compiler/dtk/24.04.3
Loaded MPI module: mpi/hpcx/2.7.4/gcc-7.3.1
PYTHON=/public/home/pan2174/miniconda3/envs/mcc-gpu/bin/python
SLURM_GPUS=unset MCC_NUM_GPU=4 dtype=float16
shell_setup: 1s
[cache] unique dates: 3060 (avoid 30360 repeated per-DOY reads)
[pipeline] io_read || setup in parallel
  reading 3060 files grain=year backend=process workers=16 ...
  year-grain: 30 years, 16 workers
  ... 102/3060 files (10.9s)
  ... 204/3060 files (11.5s)
  ... 306/3060 files (11.8s)
  ... 408/3060 files (12.0s)
  ... 510/3060 files (12.2s)
  ... 612/3060 files (12.4s)
  ... 714/3060 files (12.6s)
  ... 816/3060 files (13.0s)
  ... 918/3060 files (13.2s)
  ... 1020/3060 files (13.4s)
  ... 1122/3060 files (13.6s)
  ... 1224/3060 files (13.9s)
  ... 1326/3060 files (14.2s)
  ... 1428/3060 files (14.3s)
  ... 1530/3060 files (14.6s)
  ... 1632/3060 files (14.8s)
  ... 1734/3060 files (15.6s)
  ... 1836/3060 files (15.7s)
  ... 1938/3060 files (16.2s)
  ... 2040/3060 files (16.3s)
  ... 2142/3060 files (17.2s)
  ... 2244/3060 files (17.4s)
  ... 2346/3060 files (17.5s)
  ... 2448/3060 files (17.6s)
  ... 2550/3060 files (18.0s)
  ... 2652/3060 files (18.1s)
  ... 2754/3060 files (18.2s)
  ... 2856/3060 files (18.2s)
  ... 2958/3060 files (18.4s)
  ... 3060/3060 files (18.6s)
  read done 18.6s (0.006s/file)
[setup] parent pre-imported torch 34.3s (parallel to io_read)
[setup] cuda probe(skip torch) -> slurm_visible=4
[cache] shape=(3060, 721, 1440) read=18.6s
nc_path=/public/home/achwjznh4b/Newdata/
save_path=/public/home/pan2174/ERA5/Climatology/
device=multi compute_dtype=float16 num_gpu=4 cuda_count=4 io=16(process) grain=year
DOY 152..243
[multi-gpu] 4 workers, DOY chunks: [23, 23, 23, 23] (fork+cuda:0..3)
[gpu0] cuda:0 (Z200SM_71) init 14.9s
[gpu1] cuda:1 (Z200SM_71) init 14.9s
[gpu3] cuda:3 (Z200SM_71) init 14.9s
[gpu2] cuda:2 (Z200SM_71) init 14.9s
Could not open /var/log/hylog/.
Could not open /var/log/hylog/.
Could not open /var/log/hylog/.
Could not open /var/log/hylog/.
[gpu3] done 23 DOYs gather=3.4s compute=13.9s write=0.3s
[gpu1] done 23 DOYs gather=4.1s compute=14.1s write=0.6s
[gpu2] done 23 DOYs gather=4.0s compute=14.3s write=0.6s
[gpu0] done 23 DOYs gather=4.4s compute=14.1s write=0.5s
[multi-gpu] gpu0 23 DOYs init=14.9s gather=4.4s compute=14.1s write=0.5s
[multi-gpu] gpu1 23 DOYs init=14.9s gather=4.1s compute=14.1s write=0.6s
[multi-gpu] gpu2 23 DOYs init=14.9s gather=4.0s compute=14.3s write=0.6s
[multi-gpu] gpu3 23 DOYs init=14.9s gather=3.4s compute=13.9s write=0.3s
[multi-gpu] wall 34.4s (parallel max~14.3s compute per gpu)

========== TIMING SUMMARY ==========
  setup:         49.3s   70.2% (n=2)  [24.64s avg]
  io_plan:        1.3s    1.9%
  io_read:       24.7s   35.1%
  io_gather:      4.4s    6.3% (n=92)  [0.05s avg]
  compute:       34.4s   49.0% (n=92)  [0.37s avg]
  write:          0.6s    0.9% (n=92)  [0.01s avg]
  mp_spawn:       0.0s    0.0%
  overlap:       44.5s  (setup/io/write overlapped, not additive)
  TOTAL:         70.2s    1.2min
====================================

real	1m23.018s
user	1m48.062s
sys	0m48.783s
python_wall: 83s
task_total_wall: 84s
=== finished ===
