WORKDIR=/public/home/pan2174/ls
Loaded devtoolset module: compiler/devtoolset/7.3.1
Loaded DTK module: compiler/dtk/24.04.3
Loaded MPI module: mpi/hpcx/2.7.4/gcc-7.3.1
PYTHON=/public/home/pan2174/miniconda3/envs/mcc-gpu/bin/python
SLURM_GPUS=unset MCC_NUM_GPU=4 dtype=float16
shell_setup: 1s
[cache] unique dates: 3060 (avoid 30360 repeated per-DOY reads)
[pipeline] io_read || setup in parallel
[setup] cuda probe(skip torch) -> slurm_visible=4
  reading 3060 files grain=year backend=process workers=16 ...
  year-grain: 30 years, 16 workers
  ... 102/3060 files (9.2s)
  ... 204/3060 files (9.4s)
  ... 306/3060 files (9.4s)
  ... 408/3060 files (9.9s)
  ... 510/3060 files (10.0s)
  ... 612/3060 files (10.6s)
  ... 714/3060 files (10.7s)
  ... 816/3060 files (11.4s)
  ... 918/3060 files (11.6s)
  ... 1020/3060 files (11.6s)
  ... 1122/3060 files (11.7s)
  ... 1224/3060 files (11.8s)
  ... 1326/3060 files (11.8s)
  ... 1428/3060 files (11.9s)
  ... 1530/3060 files (12.0s)
  ... 1632/3060 files (12.0s)
  ... 1734/3060 files (14.3s)
  ... 1836/3060 files (14.7s)
  ... 1938/3060 files (15.2s)
  ... 2040/3060 files (15.4s)
  ... 2142/3060 files (16.0s)
  ... 2244/3060 files (16.4s)
  ... 2346/3060 files (16.5s)
  ... 2448/3060 files (16.7s)
  ... 2550/3060 files (16.8s)
  ... 2652/3060 files (17.2s)
  ... 2754/3060 files (17.2s)
  ... 2856/3060 files (17.6s)
  ... 2958/3060 files (17.6s)
  ... 3060/3060 files (17.8s)
  read done 17.8s (0.006s/file)
[cache] shape=(3060, 721, 1440) read=17.8s
nc_path=/public/home/achwjznh4b/Newdata/
save_path=/public/home/pan2174/ERA5/Climatology/
device=multi compute_dtype=float16 num_gpu=4 cuda_count=4 io=16(process) grain=year
DOY 152..243
[multi-gpu] 4 workers, DOY chunks: [23, 23, 23, 23] (fork+cuda:0..3)
[gpu2] cuda:2 (Z200SM_71) init 12.7s
[gpu3] cuda:3 (Z200SM_71) init 12.7s
[gpu1] cuda:1 (Z200SM_71) init 12.7s
[gpu0] cuda:0 (Z200SM_71) init 12.7s
[gpu3] done 23 DOYs gather=22.9s compute=38.0s write=0.2s
[gpu0] done 23 DOYs gather=24.4s compute=37.8s write=0.3s
[gpu1] done 23 DOYs gather=25.0s compute=37.8s write=0.3s
[gpu2] done 23 DOYs gather=25.5s compute=37.7s write=0.5s
[multi-gpu] gpu0 23 DOYs init=12.7s gather=24.4s compute=37.8s write=0.3s
[multi-gpu] gpu1 23 DOYs init=12.7s gather=25.0s compute=37.8s write=0.3s
[multi-gpu] gpu2 23 DOYs init=12.7s gather=25.5s compute=37.7s write=0.5s
[multi-gpu] gpu3 23 DOYs init=12.7s gather=22.9s compute=38.0s write=0.2s
[multi-gpu] wall 104.8s (parallel max~38.0s compute per gpu)

========== TIMING SUMMARY ==========
  setup:         12.7s   10.2% (n=2)  [6.36s avg]
  io_plan:        1.3s    1.0%
  io_read:       18.6s   14.9%
  io_gather:     25.5s   20.4% (n=92)  [0.28s avg]
  compute:      104.8s   84.0% (n=92)  [1.14s avg]
  write:          0.5s    0.4% (n=92)  [0.01s avg]
  mp_spawn:       0.0s    0.0%
  overlap:       38.6s  (setup/io/write overlapped, not additive)
  TOTAL:        124.8s    2.1min
====================================

real	2m9.251s
user	4m17.550s
sys	1m25.446s
python_wall: 129s
task_total_wall: 130s
=== finished ===
