>>> 运行节点: f16r4n02
>>> 作业 ID: 115642127
>>> MPI mode: mpirun -np 30
MPI mode: 30 ranks
Building file index ...
  Indexed 3060 files

  Source format probe (/public/home/achwjznh4b/Newdata/19910527):
    SST variable:   data
    Storage dtype:  float64
    Shape:          (721, 1440)
    Lat: 721  [90.0000 .. -90.0000]
    Lon: 1440  [0.0000 .. 359.7500]
    Raw I/O:         ENABLED (offset=23488, 8305920 bytes, direct seek+read)
  Data array (30, 102, 721, 1440) float16 (5.92 GB)

  Year distribution: 30 ranks for 30 years
    rank  0: 1991..1991 (1 year(s))
    rank  1: 1992..1992 (1 year(s))
    rank  2: 1993..1993 (1 year(s))
    rank  3: 1994..1994 (1 year(s))
    rank  4: 1995..1995 (1 year(s))
    rank  5: 1996..1996 (1 year(s))
    rank  6: 1997..1997 (1 year(s))
    rank  7: 1998..1998 (1 year(s))
    rank  8: 1999..1999 (1 year(s))
    rank  9: 2000..2000 (1 year(s))
    rank 10: 2001..2001 (1 year(s))
    rank 11: 2002..2002 (1 year(s))
    rank 12: 2003..2003 (1 year(s))
    rank 13: 2004..2004 (1 year(s))
    rank 14: 2005..2005 (1 year(s))
    rank 15: 2006..2006 (1 year(s))
    rank 16: 2007..2007 (1 year(s))
    rank 17: 2008..2008 (1 year(s))
    rank 18: 2009..2009 (1 year(s))
    rank 19: 2010..2010 (1 year(s))
    rank 20: 2011..2011 (1 year(s))
    rank 21: 2012..2012 (1 year(s))
    rank 22: 2013..2013 (1 year(s))
    rank 23: 2014..2014 (1 year(s))
    rank 24: 2015..2015 (1 year(s))
    rank 25: 2016..2016 (1 year(s))
    rank 26: 2017..2017 (1 year(s))
    rank 27: 2018..2018 (1 year(s))
    rank 28: 2019..2019 (1 year(s))
    rank 29: 2020..2020 (1 year(s))

Detecting accelerator backend ...
  Probing accelerator backends ...

  [PyTorch] ROCm/DCU backend  |  Z200SM_71  |  32.0 GB  |  Compute 9.0
    HIP version: 5.7.24164
    GPUs: 4
[92mSuccessfully preprocessed all matching files.[0m
  Fused kernel:   ENABLED (HIP: fused + streaming accumulate/finalize + batch)
  Setup:          5.0s

  Streaming mode: ENABLED (I/O–Compute overlap, 4 GPU workers)

Reading 1 years per rank (MPI distributed, float16, raw I/O, 2 threads, direct-to-shm) ...
  MPI I/O total: 5.9s (no gather — direct to shm)
  [GPU 1] Band [61:121] done (6.7s)
  [GPU 3] Band [181:241] done (6.7s)
  [GPU 2] Band [121:181] done (6.7s)
  [GPU 0] Band [0:61] done (6.8s)
  [GPU 2] Band [361:421] done (1.0s)
  [GPU 1] Band [301:361] done (1.1s)
  [GPU 3] Band [421:481] done (1.1s)
  [GPU 0] Band [241:301] done (1.1s)
  [GPU 2] Band [601:661] done (1.0s)
  [GPU 1] Band [541:601] done (1.0s)
  [GPU 3] Band [661:721] done (1.0s)
  [GPU 0] Band [481:541] done (1.0s)
  Compute:           9.3s  (5.9s I/O overlap + 3.0s tail)

Saving ...
  Saved 92 files to /public/home/pan2174/sdp/ERA5/Climatology/

============================================================
  TIMING BREAKDOWN (MPI, float16, streaming)
============================================================
  Prep:            3.4s   (imports + file index + format probe)
  Setup:           5.0s   (kernel compile + micro-warmup)
  I/O:             5.9s   (MPI distributed, 30 ranks)
  Compute:         9.3s  (6.2s in I/O phase + 3.0s tail)
  Save:            0.8s
  ──────────────────────────────────────────────────
  I/O→save:     10.108s  (0.17 min)
  Competition:  18.485s  (0.31 min)
    (program start → result output, per competition rules)
============================================================
Done!

Validation:
  P90_sst range:       [-16.00, 33.12]
  Climmean range:      [-19.13, 32.17]
  NaN fraction (P90):  33.9%
  P90 > Climmean (mean): True

real	0m54.149s
user	8m2.553s
sys	2m19.482s
